[2024-11-09 16:20:58] local.INFO: Starting destroy function for shared folder ID: eyJpdiI6Ikg1Vnh1c0RxRTJIbC96bm9ocTQ2NkE9PSIsInZhbHVlIjoiT3o5YmtYRExIL1dMTGpuTTdobGFsQT09IiwibWFjIjoiODE2YjE0NjA1OTQxOWEyYzYyOTJiMzI4ZTA5ZjMzZjI1ZmJiOWQ5ODQ4MDE4OTg1YTM0ZWRmYWRkMjU1YjBiYiIsInRhZyI6IiJ9  
[2024-11-09 16:20:58] local.INFO: Decrypted shared folder ID: 4  
[2024-11-09 16:20:58] local.INFO: Shared folder found: fdasfas  
[2024-11-09 16:20:58] local.ERROR: Error deleting shared folder and associated items: SQLSTATE[42S22]: Column not found: 1054 Unknown column 'users_shareable_files.folder_shareable_id' in 'where clause' (Connection: mysql, SQL: delete from `users_shareable_files` where `users_shareable_files`.`folder_shareable_id` = 4 and `users_shareable_files`.`folder_shareable_id` is not null)  
[2024-11-09 16:21:04] local.INFO: Starting destroy function for shared folder ID: eyJpdiI6InY0TjBBdG44VTN4dTlMSXpFZFRFY0E9PSIsInZhbHVlIjoiWGFIai9yOHBhak1lSHpSKzlzYlZwZz09IiwibWFjIjoiOWM3Y2ZkM2JiNzFmMDIwNmFhZjc0NGU1ODNkZGIwNzFkNWQ5MGM2ZDIyMzRhMjU4N2QzZTZlYWEzYWY1YTg3OCIsInRhZyI6IiJ9  
[2024-11-09 16:21:04] local.INFO: Decrypted shared folder ID: 6  
[2024-11-09 16:21:04] local.INFO: Shared folder found: asdasda  
[2024-11-09 16:21:04] local.ERROR: Error deleting shared folder and associated items: SQLSTATE[42S22]: Column not found: 1054 Unknown column 'users_shareable_files.folder_shareable_id' in 'where clause' (Connection: mysql, SQL: delete from `users_shareable_files` where `users_shareable_files`.`folder_shareable_id` = 6 and `users_shareable_files`.`folder_shareable_id` is not null)  
[2024-11-09 16:21:40] local.INFO: Starting destroy function for shared folder ID: eyJpdiI6Im1sZm9QeWxjcmVPN0tZRG4rODVPY1E9PSIsInZhbHVlIjoiVm83M1JBbkxNeThleDJhMGhveUE0UT09IiwibWFjIjoiNDc1MDJjYWNiNjY3MzY4NzNmZmE2YzlmNjY5ODA5ZDg5NzAyYjQ0OTkzOTNkZmM0OWEwODE4YzY0MDE4NTJlYSIsInRhZyI6IiJ9  
[2024-11-09 16:21:40] local.INFO: Decrypted shared folder ID: 6  
[2024-11-09 16:21:40] local.INFO: Shared folder found: asdasda  
[2024-11-09 16:21:40] local.ERROR: Error deleting shared folder and associated items: SQLSTATE[42S22]: Column not found: 1054 Unknown column 'users_shareable_files.folder_shareable_id' in 'where clause' (Connection: mysql, SQL: delete from `users_shareable_files` where `users_shareable_files`.`folder_shareable_id` = 6 and `users_shareable_files`.`folder_shareable_id` is not null)  
[2024-11-09 16:22:33] local.INFO: Starting destroy function for shareable folder ID: eyJpdiI6IjNzRytkOWE5WmU3aTdTeGZaR2hjSEE9PSIsInZhbHVlIjoieFpzMktQSkJsRy9mUDJHVk5zZmM5QT09IiwibWFjIjoiMjYxYmEzMjlkYzE1ZjVhZmVlNWM3NWUxOTc2YzE5YzkyNzBhMWRjNWUzMTcyOTlmMGZmZDZiZmVlYjM2OWI0OCIsInRhZyI6IiJ9  
[2024-11-09 16:22:33] local.INFO: Decrypted shareable folder ID: 6  
[2024-11-09 16:22:33] local.INFO: Shareable folder found: asdasda  
[2024-11-09 16:22:33] local.ERROR: Error deleting shareable folder and associated items: SQLSTATE[42S22]: Column not found: 1054 Unknown column 'users_shareable_files.folder_shareable_id' in 'where clause' (Connection: mysql, SQL: delete from `users_shareable_files` where `users_shareable_files`.`folder_shareable_id` = 6 and `users_shareable_files`.`folder_shareable_id` is not null)  
[2024-11-09 16:23:51] local.INFO: Starting destroy function for shareable folder ID: eyJpdiI6Ik9MWDR4N0tycmMvQldCc2tmcWg0UHc9PSIsInZhbHVlIjoiRmJ4SHVMT1ZDMkpZNVlWckUwTCtXUT09IiwibWFjIjoiN2Y5NTc1Y2NhMmQzZjNjMjk4YTY5Nzk3MzJmYjVlZWVhYTM0NTE0MmVkYjc5ZDViNDg1YzFkMmY2ZWQ0MWZjNyIsInRhZyI6IiJ9  
[2024-11-09 16:23:51] local.INFO: Decrypted shareable folder ID: 6  
[2024-11-09 16:23:51] local.INFO: Shareable folder found: asdasda  
[2024-11-09 16:23:51] local.INFO: Shareable folder deleted: 6  
[2024-11-09 16:23:51] local.INFO: Transaction committed successfully for shareable folder ID: 6  
[2024-11-09 16:24:00] local.INFO: Starting destroy function for shareable folder ID: eyJpdiI6IjQyeHE4bGlOZXErL0kydzIvNDd6a0E9PSIsInZhbHVlIjoiSy9BZkFDZXpJaVdGc2RLeFNqa3d1Zz09IiwibWFjIjoiZTA0OWE0NzYzMWRiZjAwODY3OWIxZjBiYzQwMTAwMGUzNTY2NjA2YWY5NjM4YzkxZjViZGQ0NTUxNjg1ZWI0MSIsInRhZyI6IiJ9  
[2024-11-09 16:24:00] local.INFO: Decrypted shareable folder ID: 4  
[2024-11-09 16:24:00] local.INFO: Shareable folder found: fdasfas  
[2024-11-09 16:24:00] local.INFO: Shareable folder deleted: 4  
[2024-11-09 16:24:00] local.INFO: Transaction committed successfully for shareable folder ID: 4  
[2024-11-09 16:40:45] local.INFO: Create function called.  
[2024-11-09 16:40:45] local.INFO: Folder ID belongs to a main folder. Folder ID: 2  
[2024-11-09 16:40:45] local.INFO: Attempting to create file: dsada.docx for user ID: 3  
[2024-11-09 16:40:45] local.INFO: Resolved file path: users/3/tesadsda/dsada.docx  
[2024-11-09 16:40:45] local.INFO: File created and stored at: users/3/tesadsda/dsada.docx  
[2024-11-09 16:40:45] local.INFO: File size determined: 7310 bytes  
[2024-11-09 16:40:45] local.INFO: File record inserted into database: dsada.docx  
[2024-11-09 16:40:52] local.INFO: File/Folder sharing request received {"request":{"_token":"qlV3zn5FmT2ekE6kZFSqBLtqw00d9oupxhN83BJw","my_name_g2zUR3eEJd2zuyrk":null,"valid_from":"eyJpdiI6IkFNWkprcXgvZ3hsT3lXaUM3STlTVWc9PSIsInZhbHVlIjoiMmdHZ25yNUhmaG93NUFUdWVqcWhpdz09IiwibWFjIjoiZTdkZWM3MGMxNmRhOGVjYzVjNDdlMTJmMWI5YzU2NjA3ZWFmNGE3YzE3NmU3NjEzZjc2YmFjN2E3ZjJkMTYzMiIsInRhZyI6IiJ9","users_folder_files_id":"eyJpdiI6Ikt6TFpzL1FzVVFFRnc5ZmsrTXBOSWc9PSIsInZhbHVlIjoiVGdybzdieG4yU1U5anZIUWMxVTV3QT09IiwibWFjIjoiYTE0ODQzOWU4ZDAzN2I2ODg2NTQxZDFhZTAwMWIxZDQ5ZTRlYjk0NDA1MDVmMzA3MjhmZDczZGEwN2NmN2M5NiIsInRhZyI6IiJ9","users_folder_id":null,"category":"Individual","email":"lafa.flores.up@phinmaed.com"}} 
[2024-11-09 16:40:52] local.INFO: Recipient found {"recipient":{"stdClass":{"id":2,"name":"Lafa Flores","age":25,"address":"Address1","department":"CCS","email":"lafa.flores.up@phinmaed.com","email_verified_at":"2024-11-09 15:23:39","password":"$2y$10$2pmp4ZLXbocDF9FdFMgaTOaTlBdAa13oEtJ7IYaiCQO1EGZTLLNye","remember_token":"20ufp56JePIdE2kYw1ICLSJtTgmTQyaCxt4635ghVZfaGO3enFPFEpnutjn4","roles":"USER","created_at":"2024-11-09 15:23:39","updated_at":"2024-11-09 15:23:39"}}} 
[2024-11-09 16:40:52] local.INFO: Original file retrieved {"originalFileId":"2","originalFile":{"stdClass":{"id":2,"users_id":3,"users_folder_id":2,"subfolder_id":null,"files":"dsada.docx","size":7310,"extension":"docx","protected":"NO","password":null,"created_at":"2024-11-09 16:40:45","updated_at":"2024-11-09 16:40:45","file_path":"users/3/tesadsda/dsada.docx"}}} 
[2024-11-09 16:40:52] local.INFO: File copied successfully {"original":"users/3/tesadsda/dsada.docx","new":"users/2/672f909456010_dsada.docx"} 
[2024-11-09 16:40:52] local.INFO: New file reference created {"newFileId":3} 
[2024-11-09 16:40:55] local.INFO: Notification sent to recipient {"email":"lafa.flores.up@phinmaed.com"} 
[2024-11-09 16:40:55] local.INFO: Shareable file reference stored {"newFileId":3} 
[2024-11-09 16:41:07] local.INFO: File path from database: users/2/672f909456010_dsada.docx  
[2024-11-09 16:48:29] local.INFO: Storage directory created at: public/users/2/shareable_folders/test1  
[2024-11-09 16:48:36] local.INFO: Storage directory created at: public/users/2/shareable_folders/dasda  
[2024-11-09 16:49:08] local.INFO: Folder sharing request received {"request":{"_token":"QifRXK9kQhjZLsZ7gD9a2yATJd1VqwBIaT9BPfAG","my_name_O6fzfKuAyUHQr8nV":null,"valid_from":"eyJpdiI6IkkzZG5ZMStMWHZ6ZEdLRUxxdXZCTnc9PSIsInZhbHVlIjoic21lZlArcTFLZ25VUjAwQVNqZVNxUT09IiwibWFjIjoiYzU3OWZkZWI1ODRlYTdlNmRmNjE2NmZhMjE1NzQwMzU1OGExNzlkNTVjZGQwYzYwMTAyMDg0ZmU0ZDBhYjY2NCIsInRhZyI6IiJ9","users_folder_files_id":null,"users_folder_id":"eyJpdiI6ImpKU0FpTlV2Y1lXRmpobHU1MFdQS2c9PSIsInZhbHVlIjoicWdPUEVxbG1LQTdjczJqS2JzRWtTUT09IiwibWFjIjoiMjUyM2UwY2Q4NGZmMjUyMGQ0NjAxNjhjYThmY2VlYzdjNWMyZjE1ODdiNTI1OGY0MTJlMDdlMDdkN2E0OWE0ZiIsInRhZyI6IiJ9","title":"tesadsda","category":"Individual","email":"lafa.flores.up@phinmaed.com"}} 
[2024-11-09 16:49:08] local.INFO: Storage directory created at: public/users/2/shared_folders  
[2024-11-09 16:49:08] local.INFO: Shared folder created successfully {"folder":{"App\\Models\\UsersFolderShareable":{"title":"tesadsda","users_id":3,"recipient_id":2,"can_edit":false,"can_delete":false,"updated_at":"2024-11-09T16:49:08.000000Z","created_at":"2024-11-09T16:49:08.000000Z","id":10}}} 
[2024-11-09 16:52:20] local.INFO: Storage directory created at: public/users/3/shared_folders/test  
[2024-11-09 16:53:05] local.INFO: Folder sharing request received {"request":{"_token":"unDa956CyV71eEdAYoR3bMyEUeeAj1Tqc95GSkcI","my_name_8hC26aukThf775Dc":null,"valid_from":"eyJpdiI6IkZVa0g5Yk9Vd1NYR1A4YjNFemVVR2c9PSIsInZhbHVlIjoiUVQvYUluZjI1cWV1VzBTbitFQXdGUT09IiwibWFjIjoiNzQ4ZDJiMjYzYWMxYzc4MzBiODAxYzJjYjE5ZjM2ZGNlYTRkOTM1MmE0YWZlNjFjM2VkM2EzMjVmMmI4MGFhOCIsInRhZyI6IiJ9","users_folder_files_id":null,"users_folder_id":"eyJpdiI6InVxL2Myc0k3WktFNFg0eTRQa3c0SGc9PSIsInZhbHVlIjoiRW9xOUljTTNlam9CYkM0MUhhMFR0QT09IiwibWFjIjoiNjIzNThiZWE3NWU0M2JkYTM3ZTZlYzA2NjNmYWMxYjljZTEzYTQyOGMzN2Y5Y2IzN2VmM2Q5OTFmMzgwZmFjYyIsInRhZyI6IiJ9","title":"dsada","category":"Individual","email":"lancekian12@gmail.com"}} 
[2024-11-09 16:53:05] local.INFO: Storage directory created at: public/users/3/shared_folders/dsada  
[2024-11-09 16:53:05] local.INFO: Shared folder created successfully {"folder":{"App\\Models\\UsersFolderShareable":{"title":"dsada","users_id":2,"recipient_id":3,"can_edit":false,"can_delete":false,"updated_at":"2024-11-09T16:53:05.000000Z","created_at":"2024-11-09T16:53:05.000000Z","id":12}}} 
[2024-11-09 16:56:05] local.INFO: Create function called.  
[2024-11-09 16:56:05] local.INFO: Folder ID belongs to a main folder. Folder ID: 3  
[2024-11-09 16:56:05] local.INFO: Attempting to create file: dsada.docx for user ID: 2  
[2024-11-09 16:56:05] local.INFO: Resolved file path: users/2/dsada/dsada.docx  
[2024-11-09 16:56:05] local.INFO: File created and stored at: users/2/dsada/dsada.docx  
[2024-11-09 16:56:05] local.INFO: File size determined: 7310 bytes  
[2024-11-09 16:56:05] local.INFO: File record inserted into database: dsada.docx  
[2024-11-09 16:56:17] local.INFO: File/Folder sharing request received {"request":{"_token":"unDa956CyV71eEdAYoR3bMyEUeeAj1Tqc95GSkcI","my_name_uoRzMmn7n4ZdaFE8":null,"valid_from":"eyJpdiI6Im56OWhqM2FlVHJHd0xHbWRDcWpySmc9PSIsInZhbHVlIjoibzRmcVB5cXF6UGI0YnVZRy9sZzA2UT09IiwibWFjIjoiYjMzYzg2MDYzNzE5NjhkNWQyMzFhNTQ3ZjNlNzg0YWY2OTdmNzVlMGIzMjY4NWY5MWVkNGVkZTg5ZjY2NzgwYyIsInRhZyI6IiJ9","users_folder_files_id":"eyJpdiI6Im1FbXRDVXNMd2k0MWZVdHNCYnJJOVE9PSIsInZhbHVlIjoiMFNrcXVLWGt4alF3QnprajdJTSt3UT09IiwibWFjIjoiODhkYjhmMTJjYmNlMzdlM2NiYjc5NzgxM2VlMDFmN2MzMjdiYzhjNGY3ZTA0MTYxZGMyYWM3MWIwZmJmMGUyNSIsInRhZyI6IiJ9","users_folder_id":null,"category":"Individual","email":"lancekianadmin12@gmail.com"}} 
[2024-11-09 16:56:17] local.INFO: Recipient found {"recipient":null} 
[2024-11-09 16:56:17] local.WARNING: Recipient not found {"email":"lancekianadmin12@gmail.com"} 
[2024-11-09 16:56:24] local.INFO: File/Folder sharing request received {"request":{"_token":"unDa956CyV71eEdAYoR3bMyEUeeAj1Tqc95GSkcI","my_name_4u77Q2ZRCUaNkAfg":null,"valid_from":"eyJpdiI6InZKZ1V0aU5hdWlxVkh3T3JEbEdmUFE9PSIsInZhbHVlIjoibDZSMVpYRzZIK0F5RlJwMXVVMTFkUT09IiwibWFjIjoiNzA2YWE3OTZmYjdjNjUyYzc0NmZhNDg2YmVmMmM4ZTI0MzExMWNlMjU2ZDNmZTEyYmU3NzAxNGU3YjcyNGVhMyIsInRhZyI6IiJ9","users_folder_files_id":"eyJpdiI6IlhMU1FBeXdLb0tJV3ltRDRyUERROHc9PSIsInZhbHVlIjoiQTRIUklVbUFzNG01K0VLUlhnU3NPQT09IiwibWFjIjoiMmY2MWQyMTJiNTAwMzMzZGZjZTM3YWFhMjBkNGY3NzBiMzgxMmY0M2ZmYjE2Y2Y1NTI2ZDY4NjRjYTczZTdkNCIsInRhZyI6IiJ9","users_folder_id":null,"category":"Individual","email":"lafa.flores.up@phinmaed.com"}} 
[2024-11-09 16:56:24] local.INFO: Recipient found {"recipient":{"stdClass":{"id":2,"name":"Lafa Flores","age":25,"address":"Address1","department":"CCS","email":"lafa.flores.up@phinmaed.com","email_verified_at":"2024-11-09 15:23:39","password":"$2y$10$2pmp4ZLXbocDF9FdFMgaTOaTlBdAa13oEtJ7IYaiCQO1EGZTLLNye","remember_token":"0pFVzM4uWmjIfjT1NpkQ5XZBxzhHqwO1DQuegkRD2p3FlGcOOV3Jf7XezBGH","roles":"USER","created_at":"2024-11-09 15:23:39","updated_at":"2024-11-09 15:23:39"}}} 
[2024-11-09 16:56:24] local.INFO: Original file retrieved {"originalFileId":"4","originalFile":{"stdClass":{"id":4,"users_id":2,"users_folder_id":3,"subfolder_id":null,"files":"dsada.docx","size":7310,"extension":"docx","protected":"NO","password":null,"created_at":"2024-11-09 16:56:05","updated_at":"2024-11-09 16:56:05","file_path":"users/2/dsada/dsada.docx"}}} 
[2024-11-09 16:56:24] local.INFO: File copied successfully {"original":"users/2/dsada/dsada.docx","new":"users/2/shared_folders/672f94383f4f4_dsada.docx"} 
[2024-11-09 16:56:24] local.INFO: New file reference created {"newFileId":5} 
[2024-11-09 16:56:26] local.INFO: Notification sent to recipient {"email":"lafa.flores.up@phinmaed.com"} 
[2024-11-09 16:56:26] local.INFO: Shareable file reference stored {"newFileId":5} 
[2024-11-09 16:57:49] local.INFO: File/Folder sharing request received {"request":{"_token":"unDa956CyV71eEdAYoR3bMyEUeeAj1Tqc95GSkcI","my_name_L0XlgKRqgocPhLqt":null,"valid_from":"eyJpdiI6InVpNlQ5U3grOG02TVc1bk5wQVVsU0E9PSIsInZhbHVlIjoid0M1bndJSlZSeFhsejVRckFEdWVsdz09IiwibWFjIjoiOWI5MWE2MmU4MDdhNjE0Mzg4YWEzN2Q2NTFkN2JkNDI5MGQ0MTlkZWEyOWExMTNkYmNmYjlhNmQzZjNjZDA0NCIsInRhZyI6IiJ9","users_folder_files_id":"eyJpdiI6IjZmWUxiamxCNnVVd1NaZkYzVERlQ0E9PSIsInZhbHVlIjoiS1NiQkwrZ1hkakpkcGF0TkVrQ2xRdz09IiwibWFjIjoiOWU2YWQ0NThmNmFkM2U0MzA3NzYwYzJjY2JiNTQzNmVmZTM0MTQwMDc0ZjdhYzdmMWFlMTQ1MGFiM2Q3NjIyOSIsInRhZyI6IiJ9","users_folder_id":null,"category":"Individual","email":"lafa.flores.up@phinmaed.com"}} 
[2024-11-09 16:57:49] local.INFO: Recipient found {"recipient":{"stdClass":{"id":2,"name":"Lafa Flores","age":25,"address":"Address1","department":"CCS","email":"lafa.flores.up@phinmaed.com","email_verified_at":"2024-11-09 15:23:39","password":"$2y$10$2pmp4ZLXbocDF9FdFMgaTOaTlBdAa13oEtJ7IYaiCQO1EGZTLLNye","remember_token":"0pFVzM4uWmjIfjT1NpkQ5XZBxzhHqwO1DQuegkRD2p3FlGcOOV3Jf7XezBGH","roles":"USER","created_at":"2024-11-09 15:23:39","updated_at":"2024-11-09 15:23:39"}}} 
[2024-11-09 16:57:49] local.INFO: Original file retrieved {"originalFileId":"4","originalFile":{"stdClass":{"id":4,"users_id":2,"users_folder_id":3,"subfolder_id":null,"files":"dsada.docx","size":7310,"extension":"docx","protected":"NO","password":null,"created_at":"2024-11-09 16:56:05","updated_at":"2024-11-09 16:56:05","file_path":"users/2/dsada/dsada.docx"}}} 
[2024-11-09 16:57:49] local.INFO: File copied successfully {"original":"users/2/dsada/dsada.docx","new":"public/users/2/shared_folders/672f948d49fef_dsada.docx"} 
[2024-11-09 16:57:49] local.INFO: New file reference created {"newFileId":6} 
[2024-11-09 16:57:51] local.INFO: Notification sent to recipient {"email":"lafa.flores.up@phinmaed.com"} 
[2024-11-09 16:57:51] local.INFO: Shareable file reference stored {"newFileId":6} 
[2024-11-09 17:02:40] local.INFO: File/Folder sharing request received {"request":{"_token":"unDa956CyV71eEdAYoR3bMyEUeeAj1Tqc95GSkcI","my_name_k3eidPVfdbIcvlUt":null,"valid_from":"eyJpdiI6IjZ2a3ZKV2o3WVQzaWcwV253cGxmQ2c9PSIsInZhbHVlIjoiKy9qOTFIMVRNMGNybGNVR2h4Z1hNUT09IiwibWFjIjoiYmFjN2NhZTQzNjY4YWJhNzRkNmQ4OGMwNDVmYjY2Y2FmMDllNGJjMjU4ZjlkZjg0MjA0Y2QwNmJiN2U1YmMzNSIsInRhZyI6IiJ9","users_folder_files_id":"eyJpdiI6IjArUVd3S0hab2E0dEZmTkcxUjkrT3c9PSIsInZhbHVlIjoib3RnOHhXbndvdXNXc0tVMFBYM0NXZz09IiwibWFjIjoiZDg0YjgyM2Y5NjkwZjQxOGYwOWNhM2JkZmI3NTAzNWYzYTFhNThkODA3MzRlNDhlMTk0YzdlYmM2NjU2ODA0MyIsInRhZyI6IiJ9","users_folder_id":null,"category":"Individual","email":"lancekian12@gmail.com"}} 
[2024-11-09 17:02:40] local.INFO: Recipient found {"recipient":{"stdClass":{"id":3,"name":"Lance Kian","age":24,"address":"Address2","department":"CBE","email":"lancekian12@gmail.com","email_verified_at":"2024-11-09 15:23:39","password":"$2y$10$hfpaD5JEgeqLfrckHep6Ze5PkAw.gpoLfZVQdCo.y3CUYu3dl6YC2","remember_token":"p0SqMaxyohRdUWVjLHsVq1bDQNA1WyDrR4UOPqu6Ig3J0pIkSsDTAmSDDG4r","roles":"USER","created_at":"2024-11-09 15:23:39","updated_at":"2024-11-09 15:23:39"}}} 
[2024-11-09 17:02:40] local.INFO: Original file retrieved {"originalFileId":"4","originalFile":{"stdClass":{"id":4,"users_id":2,"users_folder_id":3,"subfolder_id":null,"files":"dsada.docx","size":7310,"extension":"docx","protected":"NO","password":null,"created_at":"2024-11-09 16:56:05","updated_at":"2024-11-09 16:56:05","file_path":"users/2/dsada/dsada.docx"}}} 
[2024-11-09 17:02:40] local.INFO: File copied successfully {"original":"users/2/dsada/dsada.docx","new":"public/users/3/shared_folders/672f95b053381_dsada.docx"} 
[2024-11-09 17:02:40] local.INFO: New file reference created {"newFileId":7} 
[2024-11-09 17:02:43] local.INFO: Notification sent to recipient {"email":"lancekian12@gmail.com"} 
[2024-11-09 17:02:43] local.INFO: Shareable file reference stored {"newFileId":7} 
[2024-11-09 17:06:03] local.INFO: File/Folder sharing request received {"request":{"_token":"unDa956CyV71eEdAYoR3bMyEUeeAj1Tqc95GSkcI","my_name_cQ7JzmR2q6HIUCdR":null,"valid_from":"eyJpdiI6Im85clBXNExnVHJGZ1Y4K2FiYUpXaXc9PSIsInZhbHVlIjoieHZrVmN3U2FZRlpGV0NEK2RxNVcvUT09IiwibWFjIjoiMmZhOWIwMzRlZDQ4MmExMWUzOGJjMWNjOTA2YzQwYTMyZGE0NDljY2ZmOWMzOWJjMDI0N2Q0OTcxYjE4Nzc3YiIsInRhZyI6IiJ9","users_folder_files_id":"eyJpdiI6IkRrbVdGdFMvelYyd0xXdk5iNTVyR0E9PSIsInZhbHVlIjoiN0I2YWFOTFhHZnN3aVBYcjBRNkNPZz09IiwibWFjIjoiOWJlYTk5MWFjOTZkMzFlOTBhM2U1Y2ZhYjcwZWViOTBhYjExOGVkYTBkNDE3ZmExMGQ1OWQ1ZjkxZDY2OGE4MSIsInRhZyI6IiJ9","users_folder_id":null,"category":"Individual","email":"lancekian12@gmail.com"}} 
[2024-11-09 17:06:03] local.INFO: Recipient found {"recipient":{"stdClass":{"id":3,"name":"Lance Kian","age":24,"address":"Address2","department":"CBE","email":"lancekian12@gmail.com","email_verified_at":"2024-11-09 15:23:39","password":"$2y$10$hfpaD5JEgeqLfrckHep6Ze5PkAw.gpoLfZVQdCo.y3CUYu3dl6YC2","remember_token":"p0SqMaxyohRdUWVjLHsVq1bDQNA1WyDrR4UOPqu6Ig3J0pIkSsDTAmSDDG4r","roles":"USER","created_at":"2024-11-09 15:23:39","updated_at":"2024-11-09 15:23:39"}}} 
[2024-11-09 17:06:03] local.INFO: Original file retrieved {"originalFileId":"4","originalFile":{"stdClass":{"id":4,"users_id":2,"users_folder_id":3,"subfolder_id":null,"files":"dsada.docx","size":7310,"extension":"docx","protected":"NO","password":null,"created_at":"2024-11-09 16:56:05","updated_at":"2024-11-09 16:56:05","file_path":"users/2/dsada/dsada.docx"}}} 
[2024-11-09 17:06:03] local.INFO: File copied successfully {"original":"users/2/dsada/dsada.docx","new":"users/3/shared_folders/"} 
[2024-11-09 17:06:03] local.INFO: New file reference created {"newFileId":8} 
[2024-11-09 17:06:06] local.INFO: Notification sent to recipient {"email":"lancekian12@gmail.com"} 
[2024-11-09 17:06:06] local.INFO: Shareable file reference stored {"newFileId":8} 
[2024-11-09 17:08:40] local.INFO: File/Folder sharing request received {"request":{"_token":"unDa956CyV71eEdAYoR3bMyEUeeAj1Tqc95GSkcI","my_name_rkiAjajCAR3HD4OT":null,"valid_from":"eyJpdiI6IndWeGhlRjVaNXVSSE9CdjNpWUxPcnc9PSIsInZhbHVlIjoidDZyTFZEeGVRMkRvRkFYWEtXZ1lLZz09IiwibWFjIjoiNzUyODM0OTI0YWZkZWEwMThjNmFiM2U0NzRiODcwNTg1MmVlM2MxZDM1M2VhMmJlMWYzYzM2ZjJiOTk3MTlmMSIsInRhZyI6IiJ9","users_folder_files_id":"eyJpdiI6IkdKdi9wMmZDanRSQm14RlpIWmJsdnc9PSIsInZhbHVlIjoiRS96UmtpdnpWVjJiaFcyUzZEbFI1UT09IiwibWFjIjoiYWFkMjI4YzJmNmJmNDFmOWIxOTYyMDU4Yzk4ZjA5ZDU1ODVkNzJmNDYwNWVhY2Y4ZDk5ZjQ1YzNhMjk1MzI2OCIsInRhZyI6IiJ9","users_folder_id":null,"category":"Individual","email":"lancekian12@gmail.com"}} 
[2024-11-09 17:08:40] local.INFO: Recipient found {"recipient":{"stdClass":{"id":3,"name":"Lance Kian","age":24,"address":"Address2","department":"CBE","email":"lancekian12@gmail.com","email_verified_at":"2024-11-09 15:23:39","password":"$2y$10$hfpaD5JEgeqLfrckHep6Ze5PkAw.gpoLfZVQdCo.y3CUYu3dl6YC2","remember_token":"p0SqMaxyohRdUWVjLHsVq1bDQNA1WyDrR4UOPqu6Ig3J0pIkSsDTAmSDDG4r","roles":"USER","created_at":"2024-11-09 15:23:39","updated_at":"2024-11-09 15:23:39"}}} 
[2024-11-09 17:08:40] local.INFO: Original file retrieved {"originalFileId":"4","originalFile":{"stdClass":{"id":4,"users_id":2,"users_folder_id":3,"subfolder_id":null,"files":"dsada.docx","size":7310,"extension":"docx","protected":"NO","password":null,"created_at":"2024-11-09 16:56:05","updated_at":"2024-11-09 16:56:05","file_path":"users/2/dsada/dsada.docx"}}} 
[2024-11-09 17:08:40] local.INFO: File copied successfully {"original":"users/2/dsada/dsada.docx","new":"public/users/3/shared_folders//dsada.docx"} 
[2024-11-09 17:08:40] local.INFO: New file reference created {"newFileId":9} 
[2024-11-09 17:08:43] local.INFO: Notification sent to recipient {"email":"lancekian12@gmail.com"} 
[2024-11-09 17:08:43] local.INFO: Shareable file reference stored {"newFileId":9} 
[2024-11-09 17:10:19] local.INFO: File/Folder sharing request received {"request":{"_token":"unDa956CyV71eEdAYoR3bMyEUeeAj1Tqc95GSkcI","my_name_kCaIWBtTcCGkoIAd":null,"valid_from":"eyJpdiI6Ik5kaThka1c4clV2S3JDbzVWM2ZCR2c9PSIsInZhbHVlIjoicmg2Wk9PZ3JvZC9wWUhEM3E4SjZIZz09IiwibWFjIjoiZGE4ZWEwYTQ3ZWNhNTU2MTAzODc0M2ZiMWI4MzliOTljMjcxOGE0OWZhYTg5YzU4YjU4ZGQxMzAwMGI5YmZkNCIsInRhZyI6IiJ9","users_folder_files_id":"eyJpdiI6ImU4amhhK0dZRVNtMENYSXVyWFY3Tnc9PSIsInZhbHVlIjoieXpXc1NKQmtPM1ZGSk9kU2U2V21Ndz09IiwibWFjIjoiNGI4MGFlMmMxYWU0ZjdhODAyZjEyYTRlMDZkYjQzNDJhNGU5MjQ2Y2ZhMGNjMDM2OTAyZjY3MDZmMzFmYTE0NiIsInRhZyI6IiJ9","users_folder_id":null,"category":"Individual","email":"lancekian12@gmail.com"}} 
[2024-11-09 17:10:20] local.INFO: Recipient found {"recipient":{"stdClass":{"id":3,"name":"Lance Kian","age":24,"address":"Address2","department":"CBE","email":"lancekian12@gmail.com","email_verified_at":"2024-11-09 15:23:39","password":"$2y$10$hfpaD5JEgeqLfrckHep6Ze5PkAw.gpoLfZVQdCo.y3CUYu3dl6YC2","remember_token":"p0SqMaxyohRdUWVjLHsVq1bDQNA1WyDrR4UOPqu6Ig3J0pIkSsDTAmSDDG4r","roles":"USER","created_at":"2024-11-09 15:23:39","updated_at":"2024-11-09 15:23:39"}}} 
[2024-11-09 17:10:20] local.INFO: Original file retrieved {"originalFileId":"4","originalFile":{"stdClass":{"id":4,"users_id":2,"users_folder_id":3,"subfolder_id":null,"files":"dsada.docx","size":7310,"extension":"docx","protected":"NO","password":null,"created_at":"2024-11-09 16:56:05","updated_at":"2024-11-09 16:56:05","file_path":"users/2/dsada/dsada.docx"}}} 
[2024-11-09 17:10:20] local.INFO: File copied successfully {"original":"users/2/dsada/dsada.docx","new":"public/users/3/shared_folders//dsada.docx"} 
[2024-11-09 17:10:20] local.INFO: New file reference created {"newFileId":10} 
[2024-11-09 17:10:22] local.INFO: Notification sent to recipient {"email":"lancekian12@gmail.com"} 
[2024-11-09 17:10:22] local.INFO: Shareable file reference stored {"newFileId":10} 
[2024-11-09 17:13:50] local.INFO: File/Folder sharing request received {"request":{"_token":"unDa956CyV71eEdAYoR3bMyEUeeAj1Tqc95GSkcI","my_name_KbqByzkfwNcgYMMR":null,"valid_from":"eyJpdiI6IlRoK2VqT1p1Wit3RDVtS0dLWjFVWkE9PSIsInZhbHVlIjoiUjhZK2VRcXZsSnZmNGRwQVZrdGxpUT09IiwibWFjIjoiNWU1NzFhMWJlMDczNzc3YWQ4NDJiNmYyM2RkYWJhNTBjMTRhNTQ5M2RiY2UxNzE1MzgwNzI5N2Y0ZGMxNjFkMCIsInRhZyI6IiJ9","users_folder_files_id":"eyJpdiI6IlRnai9sYStXY2VjbUI4Qm94bzhhRXc9PSIsInZhbHVlIjoiSGc1RXErUSt0b3RPbnVVNEtldVlFQT09IiwibWFjIjoiNmE4OWU3MzViMDRlMzFjM2VmY2ZjYjQ5OWU4NmE4Zjk1YTZjZmIyNTkxZTNmMzFmYjAyZGVlNjdmMmJhNTFjZiIsInRhZyI6IiJ9","users_folder_id":null,"category":"Individual","email":"lafa.flores.up@phinmaed.com"}} 
[2024-11-09 17:13:50] local.INFO: Recipient found {"recipient":{"stdClass":{"id":2,"name":"Lafa Flores","age":25,"address":"Address1","department":"CCS","email":"lafa.flores.up@phinmaed.com","email_verified_at":"2024-11-09 15:23:39","password":"$2y$10$2pmp4ZLXbocDF9FdFMgaTOaTlBdAa13oEtJ7IYaiCQO1EGZTLLNye","remember_token":"0pFVzM4uWmjIfjT1NpkQ5XZBxzhHqwO1DQuegkRD2p3FlGcOOV3Jf7XezBGH","roles":"USER","created_at":"2024-11-09 15:23:39","updated_at":"2024-11-09 15:23:39"}}} 
[2024-11-09 17:13:50] local.INFO: Original file retrieved {"originalFileId":"5","originalFile":{"stdClass":{"id":5,"users_id":2,"users_folder_id":null,"subfolder_id":null,"files":"672f94383f4f4_dsada.docx","size":0,"extension":"docx","protected":"NO","password":null,"created_at":"2024-11-09 16:56:24","updated_at":"2024-11-09 16:56:24","file_path":"users/2/shared_folders/672f94383f4f4_dsada.docx"}}} 
[2024-11-09 17:13:50] local.INFO: File copied successfully {"original":"users/2/shared_folders/672f94383f4f4_dsada.docx","new":"public/users/2/shared_folders//672f94383f4f4_dsada.docx"} 
[2024-11-09 17:13:50] local.INFO: New file reference created {"newFileId":11} 
[2024-11-09 17:13:53] local.INFO: Notification sent to recipient {"email":"lafa.flores.up@phinmaed.com"} 
[2024-11-09 17:13:53] local.INFO: Shareable file reference stored {"newFileId":11} 
[2024-11-09 17:15:52] local.INFO: File/Folder sharing request received {"request":{"_token":"unDa956CyV71eEdAYoR3bMyEUeeAj1Tqc95GSkcI","my_name_oNhDxu9ntHS272pP":null,"valid_from":"eyJpdiI6IjhLVS9wamhyUUU3VVh3YnhFSDAyK0E9PSIsInZhbHVlIjoicHFXYnhLRGdFN1A0N1Ivb3FMMlhJQT09IiwibWFjIjoiZTNjYjQyN2Q3MTgyNjZjYjMwZDBkNDkzNWMzNDZiZGMzNjNmY2I0MDM2ZWM0OTk1M2JmMmMwY2JjM2YyNTQxMyIsInRhZyI6IiJ9","users_folder_files_id":"eyJpdiI6IjRWcC9ma1M2Z1YrU1lvRS96d3V3VVE9PSIsInZhbHVlIjoiWXR4NUUyb3lEUHNybXBJTDhJSkJVUT09IiwibWFjIjoiYmFkODM1MzM1ZDE4YzY3NjYzMTRmYjhkNjU2YmQyMmFlMjYxZmIxMTlkNjkyMjFlZTc0ZTEwMzU3NjY1MzFhZSIsInRhZyI6IiJ9","users_folder_id":null,"category":"Individual","email":"lafa.flores.up@phinmaed.com"}} 
[2024-11-09 17:15:52] local.INFO: Recipient found {"recipient":{"stdClass":{"id":2,"name":"Lafa Flores","age":25,"address":"Address1","department":"CCS","email":"lafa.flores.up@phinmaed.com","email_verified_at":"2024-11-09 15:23:39","password":"$2y$10$2pmp4ZLXbocDF9FdFMgaTOaTlBdAa13oEtJ7IYaiCQO1EGZTLLNye","remember_token":"0pFVzM4uWmjIfjT1NpkQ5XZBxzhHqwO1DQuegkRD2p3FlGcOOV3Jf7XezBGH","roles":"USER","created_at":"2024-11-09 15:23:39","updated_at":"2024-11-09 15:23:39"}}} 
[2024-11-09 17:15:52] local.INFO: Original file retrieved {"originalFileId":"6","originalFile":{"stdClass":{"id":6,"users_id":2,"users_folder_id":null,"subfolder_id":null,"files":"672f948d49fef_dsada.docx","size":0,"extension":"docx","protected":"NO","password":null,"created_at":"2024-11-09 16:57:49","updated_at":"2024-11-09 16:57:49","file_path":"public/users/2/shared_folders/672f948d49fef_dsada.docx"}}} 
[2024-11-09 17:15:52] local.ERROR: Error copying file {"error":"Unable to retrieve the visibility for file at location: public/users/2/shared_folders/672f948d49fef_dsada.docx. "} 
[2024-11-09 17:17:03] local.INFO: File/Folder sharing request received {"request":{"_token":"unDa956CyV71eEdAYoR3bMyEUeeAj1Tqc95GSkcI","my_name_AyT1WtjNolOPk2gO":null,"valid_from":"eyJpdiI6InBVYVBCSVI0RUllSDM4WXhyZHhJM1E9PSIsInZhbHVlIjoiNG0vVnl5K0NpQStHNmVPVzh1ZXhxdz09IiwibWFjIjoiNDRhOGRjNmZhZDI1MTdkOWZhZjA5ODQwM2JhY2JiYTRjMzljMjMzYWFhM2E0YWQyZmY4MDBiOGJmY2U1NzJiMSIsInRhZyI6IiJ9","users_folder_files_id":"eyJpdiI6Im04Z1RRRmg1NU1KbkEyQlNReGpBbVE9PSIsInZhbHVlIjoiaTNhaTFZdklkVzlDVkZGU1o1QXkvQT09IiwibWFjIjoiNDg0NTgyYWIyMzEyZDhjOTlmMzgyMGM1YWIwNDFjZDYzZDJhN2NlZmMxMWZmMzY3OGYwNDQxMTU2N2JmYzE4NyIsInRhZyI6IiJ9","users_folder_id":null,"category":"Individual","email":"lafa.flores.up@phinmaed.com"}} 
[2024-11-09 17:17:03] local.INFO: Recipient found {"recipient":{"stdClass":{"id":2,"name":"Lafa Flores","age":25,"address":"Address1","department":"CCS","email":"lafa.flores.up@phinmaed.com","email_verified_at":"2024-11-09 15:23:39","password":"$2y$10$2pmp4ZLXbocDF9FdFMgaTOaTlBdAa13oEtJ7IYaiCQO1EGZTLLNye","remember_token":"0pFVzM4uWmjIfjT1NpkQ5XZBxzhHqwO1DQuegkRD2p3FlGcOOV3Jf7XezBGH","roles":"USER","created_at":"2024-11-09 15:23:39","updated_at":"2024-11-09 15:23:39"}}} 
[2024-11-09 17:17:03] local.INFO: Original file retrieved {"originalFileId":"5","originalFile":{"stdClass":{"id":5,"users_id":2,"users_folder_id":null,"subfolder_id":null,"files":"672f94383f4f4_dsada.docx","size":0,"extension":"docx","protected":"NO","password":null,"created_at":"2024-11-09 16:56:24","updated_at":"2024-11-09 16:56:24","file_path":"users/2/shared_folders/672f94383f4f4_dsada.docx"}}} 
[2024-11-09 17:17:03] local.INFO: File copied successfully {"original":"users/2/shared_folders/672f94383f4f4_dsada.docx","new":"public/users/2/shared_folders//672f94383f4f4_dsada.docx"} 
[2024-11-09 17:17:03] local.INFO: New file reference created {"newFileId":12} 
[2024-11-09 17:17:05] local.INFO: Notification sent to recipient {"email":"lafa.flores.up@phinmaed.com"} 
[2024-11-09 17:17:05] local.INFO: Shareable file reference stored {"newFileId":12} 
[2024-11-09 17:17:52] local.INFO: Storage directory created at: public/users/2/shared_folders/dasda  
[2024-11-09 17:18:13] local.INFO: Storage directory created at: public/users/2/shared_folders/test555  
[2024-11-09 17:18:34] local.INFO: Folder sharing request received {"request":{"_token":"unDa956CyV71eEdAYoR3bMyEUeeAj1Tqc95GSkcI","my_name_pwXujDvHZBrrU1hJ":null,"valid_from":"eyJpdiI6InM2aWluS01TOEhyZlhJU0ZrazhCamc9PSIsInZhbHVlIjoiaXc1STY5UzV1U3UvQkVKc0xaanBiZz09IiwibWFjIjoiZGQ5OTBhM2NiYmZkNjhjNmExYmE5OGZkOWFlNTk0ODVhYWUyMTJlN2RiN2Y3MzIyMTZmNjBkZjdiOWYyNTY5NyIsInRhZyI6IiJ9","users_folder_files_id":null,"users_folder_id":"eyJpdiI6ImFvaHdYRjR0cG82RnJpZlJlRUFyaFE9PSIsInZhbHVlIjoiM1FkMVJuVjhBeGF3L1RBQlBncXBtUT09IiwibWFjIjoiOTgzZDViNGVjOWVlM2ZkNDA5ZmI3YmY5NGYzYzVlYzc2ZjIxMTQ5ODVlZjIzMDQyZTMxYmQ1MTg4NTA0Njc3MCIsInRhZyI6IiJ9","title":"dsada","category":"Individual","email":"lafa.flores.up@phinmaed.com"}} 
[2024-11-09 17:18:34] local.INFO: Storage directory created at: public/users/2/shared_folders/dsada  
[2024-11-09 17:18:34] local.INFO: Shared folder created successfully {"folder":{"App\\Models\\UsersFolderShareable":{"title":"dsada","users_id":2,"recipient_id":2,"can_edit":false,"can_delete":false,"updated_at":"2024-11-09T17:18:34.000000Z","created_at":"2024-11-09T17:18:34.000000Z","id":15}}} 
[2024-11-09 17:19:18] local.INFO: File/Folder sharing request received {"request":{"_token":"unDa956CyV71eEdAYoR3bMyEUeeAj1Tqc95GSkcI","my_name_s8m5mwmhwsC1h3FM":null,"valid_from":"eyJpdiI6IldpY25oTFV3eXlwYXc5bENWdXFZdGc9PSIsInZhbHVlIjoiSFN0VFRmUktTR2g1RjV5V0F6NWk1QT09IiwibWFjIjoiN2M4ZDM3ODNlN2Q5YjQ5ZTE0NTlhNTVhOTRiNzYwMGEyMzc0NzkzMTcyODUyNzE3NDRiZjY1MmJmNTk1ODQzNSIsInRhZyI6IiJ9","users_folder_files_id":"eyJpdiI6IkZrblBBMTJ4WXAxeXJxOS90YmxacVE9PSIsInZhbHVlIjoiNGg2UFg5R2lIZWFETzlvMVR3MXVRdz09IiwibWFjIjoiYTNlZTZkOTMyYjVhMjFkNmRjZjY1MThkMTViNjQyZjYyYTBjYzk1N2YxYzhmM2FhYzdmYjU4MGZmMDYwZjA4YiIsInRhZyI6IiJ9","users_folder_id":null,"category":"Individual","email":"lafa.flores.up@phinmaed.com"}} 
[2024-11-09 17:19:18] local.INFO: Recipient found {"recipient":{"stdClass":{"id":2,"name":"Lafa Flores","age":25,"address":"Address1","department":"CCS","email":"lafa.flores.up@phinmaed.com","email_verified_at":"2024-11-09 15:23:39","password":"$2y$10$2pmp4ZLXbocDF9FdFMgaTOaTlBdAa13oEtJ7IYaiCQO1EGZTLLNye","remember_token":"0pFVzM4uWmjIfjT1NpkQ5XZBxzhHqwO1DQuegkRD2p3FlGcOOV3Jf7XezBGH","roles":"USER","created_at":"2024-11-09 15:23:39","updated_at":"2024-11-09 15:23:39"}}} 
[2024-11-09 17:19:18] local.INFO: Original file retrieved {"originalFileId":"4","originalFile":{"stdClass":{"id":4,"users_id":2,"users_folder_id":3,"subfolder_id":null,"files":"dsada.docx","size":7310,"extension":"docx","protected":"NO","password":null,"created_at":"2024-11-09 16:56:05","updated_at":"2024-11-09 16:56:05","file_path":"users/2/dsada/dsada.docx"}}} 
[2024-11-09 17:19:18] local.INFO: File copied successfully {"original":"users/2/dsada/dsada.docx","new":"public/users/2/shared_folders/dsada.docx"} 
[2024-11-09 17:19:18] local.INFO: New file reference created {"newFileId":13} 
[2024-11-09 17:19:21] local.INFO: Notification sent to recipient {"email":"lafa.flores.up@phinmaed.com"} 
[2024-11-09 17:19:21] local.INFO: Shareable file reference stored {"newFileId":13} 
[2024-11-09 17:22:35] local.INFO: File/Folder sharing request received {"request":{"_token":"unDa956CyV71eEdAYoR3bMyEUeeAj1Tqc95GSkcI","my_name_2P3ZgsHDfICeuJ7N":null,"valid_from":"eyJpdiI6Iklpazlta1ZjMDhkeldYYVFOTlh1WlE9PSIsInZhbHVlIjoiajdJODVoRGFYNkpYbW93eTRBUVVrQT09IiwibWFjIjoiM2Q3NjdkZTYwYzg3ZWIyOWU0MWVjYTQ0ZGNmZGZhZGNkNWFjMjNhY2JkMTdkMjk4YmI5YTNhZWUyYjhkNjgzYyIsInRhZyI6IiJ9","users_folder_files_id":"eyJpdiI6IlVNN2xmTE5xMW1rQ2IyeFZXMmVjZXc9PSIsInZhbHVlIjoiczRGM1dpMW1GclRjbDJJcnNtdkJlUT09IiwibWFjIjoiMDM5ZmM4MDZlZGMxNzY5NmJkODQ2MDA5NjE2MDQ1YTRkZTMwZmE2MjM1MmY2ZWE3MjgxMjQ1YTUwN2I4ZWRkNyIsInRhZyI6IiJ9","users_folder_id":null,"category":"Individual","email":"lancekian12@gmail.com"}} 
[2024-11-09 17:22:35] local.INFO: Recipient found {"recipient":{"stdClass":{"id":3,"name":"Lance Kian","age":24,"address":"Address2","department":"CBE","email":"lancekian12@gmail.com","email_verified_at":"2024-11-09 15:23:39","password":"$2y$10$hfpaD5JEgeqLfrckHep6Ze5PkAw.gpoLfZVQdCo.y3CUYu3dl6YC2","remember_token":"p0SqMaxyohRdUWVjLHsVq1bDQNA1WyDrR4UOPqu6Ig3J0pIkSsDTAmSDDG4r","roles":"USER","created_at":"2024-11-09 15:23:39","updated_at":"2024-11-09 15:23:39"}}} 
[2024-11-09 17:22:35] local.INFO: Original file retrieved {"originalFileId":"4","originalFile":{"stdClass":{"id":4,"users_id":2,"users_folder_id":3,"subfolder_id":null,"files":"dsada.docx","size":7310,"extension":"docx","protected":"NO","password":null,"created_at":"2024-11-09 16:56:05","updated_at":"2024-11-09 16:56:05","file_path":"users/2/dsada/dsada.docx"}}} 
[2024-11-09 17:22:35] local.INFO: File copied successfully {"original":"users/2/dsada/dsada.docx","new":"public/users/3/shared_folders//dsada.docx"} 
[2024-11-09 17:22:35] local.INFO: New file reference created {"newFileId":14} 
[2024-11-09 17:22:38] local.INFO: Notification sent to recipient {"email":"lancekian12@gmail.com"} 
[2024-11-09 17:22:38] local.INFO: Shareable file reference stored {"newFileId":14} 
[2024-11-09 17:24:19] local.INFO: Storage directory created at: public/users/2/shared_folders/test  
[2024-11-09 17:24:24] local.INFO: Storage directory created at: public/users/2/shared_folders/dsada  
[2024-11-09 17:26:09] local.INFO: Storage directory renamed from: public/users/2/shared_folders/dsada to public/users/2/shared_folders/dsda455  
[2024-11-09 17:26:21] local.INFO: Storage directory renamed from: public/users/2/shared_folders/test to public/users/2/shared_folders/lancekian12  
[2024-11-09 17:26:25] local.INFO: Starting destroy function for shareable folder ID: eyJpdiI6IjMybnFUOGswQ2hJVDRjaCs4SmRCWWc9PSIsInZhbHVlIjoic21YSUo4SEJXYWUvcExDYytZekZVQT09IiwibWFjIjoiYzZhYzAzNDE0MzhhZDZkMWYyZjhkNWJiMzQ3MTNkOTc0YzgyMDhlODIwNzYzM2I3YzA1MGIzNWRlZDQwYmU0NiIsInRhZyI6IiJ9  
[2024-11-09 17:26:25] local.INFO: Decrypted shareable folder ID: 17  
[2024-11-09 17:26:25] local.INFO: Shareable folder found: dsda455  
[2024-11-09 17:26:25] local.INFO: Storage directory deleted at: public/users/2/shared_folders/dsda455  
[2024-11-09 17:26:25] local.INFO: Shareable folder deleted from database: 17  
[2024-11-09 17:26:25] local.INFO: Transaction committed successfully for shareable folder ID: 17  
